[2025-12-06 12:43:32] === Auto-publish check gestart ===
[2025-12-06 12:43:33] Geen nieuwe lokale commits gevonden. Niks te doen.
[2025-12-06 12:49:19] === Auto-publish check gestart ===
[2025-12-06 12:49:19] Nieuwe/gewijzigde content gevonden, auto-commit...
[main 74206f8] Auto-publish: 2025-12-06-ik-kan-nu-alles-maken,_index,_index
 3 files changed, 119 insertions(+), 11 deletions(-)
 create mode 100644 content/blog/ai-workflow/2025-12-06-ik-kan-nu-alles-maken.md
[2025-12-06 12:49:19] Content gecommit: 2025-12-06-ik-kan-nu-alles-maken,_index,_index
[2025-12-06 12:49:20] Gevonden: 1 nieuwe commit(s) om te pushen
[2025-12-06 12:49:20] Gewijzigde content:
[2025-12-06 12:49:20]   - content/blog/ai-workflow/2025-12-06-ik-kan-nu-alles-maken.md
[2025-12-06 12:49:20]   - content/blog/ai-workflow/_index.md
[2025-12-06 12:49:20]   - content/blog/habittracker/_index.md
[2025-12-06 12:49:20] [DRY-RUN] Zou nu pushen naar GitHub...
[2025-12-06 18:26:17] === Auto-publish check gestart ===
[2025-12-06 18:26:17] Nieuwe/gewijzigde content gevonden, auto-commit...
[main 3491a8f] Auto-publish: 2025-12-08-bugs-melden-vanaf-de-bank,_index
 2 files changed, 109 insertions(+)
 create mode 100644 content/blog/ai-workflow/2025-12-08-bugs-melden-vanaf-de-bank.md
[2025-12-06 18:26:17] Content gecommit: 2025-12-08-bugs-melden-vanaf-de-bank,_index
[2025-12-06 18:26:21]   Ready to publish: content/blog/ai-workflow/2025-12-06-ik-kan-nu-alles-maken.md
[2025-12-06 18:26:21]   Skipping (future date 2025-12-08): content/blog/ai-workflow/2025-12-08-bugs-melden-vanaf-de-bank.md
[2025-12-06 18:26:21]   Ready to publish: content/blog/ai-workflow/_index.md
[2025-12-06 18:26:21]   Ready to publish: content/blog/habittracker/_index.md
[2025-12-06 18:26:21] Gevonden: 2 nieuwe commit(s) om te pushen
[2025-12-06 18:26:21] Gewijzigde content:
[2025-12-06 18:26:21]   - content/blog/ai-workflow/2025-12-06-ik-kan-nu-alles-maken.md
[2025-12-06 18:26:21]   - content/blog/ai-workflow/2025-12-08-bugs-melden-vanaf-de-bank.md
[2025-12-06 18:26:21]   - content/blog/ai-workflow/_index.md
[2025-12-06 18:26:21]   - content/blog/habittracker/_index.md
[2025-12-06 18:26:21] [DRY-RUN] Zou nu pushen naar GitHub...
[2025-12-06 18:41:59] === Auto-publish check gestart ===
[2025-12-06 18:41:59]   Ready to publish: content/blog/ai-workflow/2025-12-06-ik-kan-nu-alles-maken.md
[2025-12-06 18:42:00]   Skipping (future date 2025-12-08): content/blog/ai-workflow/2025-12-08-bugs-melden-vanaf-de-bank.md
[2025-12-06 18:42:00]   Ready to publish: content/blog/ai-workflow/_index.md
[2025-12-06 18:42:00]   Ready to publish: content/blog/habittracker/_index.md
[2025-12-06 18:42:00] Gevonden: 5 nieuwe commit(s) om te pushen
[2025-12-06 18:42:00] Gewijzigde content:
[2025-12-06 18:42:00]   - content/blog/ai-workflow/2025-12-06-ik-kan-nu-alles-maken.md
[2025-12-06 18:42:00]   - content/blog/ai-workflow/2025-12-08-bugs-melden-vanaf-de-bank.md
[2025-12-06 18:42:00]   - content/blog/ai-workflow/_index.md
[2025-12-06 18:42:00]   - content/blog/habittracker/_index.md
[2025-12-06 18:42:00] [DRY-RUN] Zou nu pushen naar GitHub...
[2025-12-07 07:00:00] === Random delay scheduler gestart ===
[2025-12-07 07:00:00] Wacht 1 uur en 22 minuten voor publicatie...
[2025-12-07 08:22:37] Delay voorbij, start auto-publish...
[2025-12-07 08:22:37] === Auto-publish check gestart ===
[2025-12-07 08:22:37] Nieuwe/gewijzigde content gevonden, auto-commit...
[main e68c9b7] Auto-publish: index
 5 files changed, 113 insertions(+)
 create mode 100644 content/blog/ai-workflow/2025-12-10-carottes-grillees-terug-online/homepagecg.png
 create mode 100644 content/blog/ai-workflow/2025-12-10-carottes-grillees-terug-online/index.md
 create mode 100644 content/blog/ai-workflow/2025-12-10-carottes-grillees-terug-online/lustforlifecg.png
 create mode 100644 content/blog/ai-workflow/2025-12-10-carottes-grillees-terug-online/objecttrouveescg.png
 create mode 100644 content/blog/ai-workflow/2025-12-10-carottes-grillees-terug-online/vallendemannen_navigatiecg.png
[2025-12-07 08:22:38] Content gecommit: index
[2025-12-07 08:22:38]   Ready to publish: content/blog/ai-workflow/2025-12-06-ik-kan-nu-alles-maken.md
[2025-12-07 08:22:38]   Skipping (future date 2025-12-08): content/blog/ai-workflow/2025-12-08-bugs-melden-vanaf-de-bank.md
[2025-12-07 08:22:38]   Skipping (future date 2025-12-10): content/blog/ai-workflow/2025-12-10-carottes-grillees-terug-online/index.md
[2025-12-07 08:22:38]   Ready to publish: content/blog/ai-workflow/_index.md
[2025-12-07 08:22:38]   Ready to publish: content/blog/habittracker/_index.md
[2025-12-07 08:22:38] Gevonden: 6 nieuwe commit(s) om te pushen
[2025-12-07 08:22:38] Gewijzigde content:
[2025-12-07 08:22:38]   - content/blog/ai-workflow/2025-12-06-ik-kan-nu-alles-maken.md
[2025-12-07 08:22:38]   - content/blog/ai-workflow/2025-12-08-bugs-melden-vanaf-de-bank.md
[2025-12-07 08:22:38]   - content/blog/ai-workflow/2025-12-10-carottes-grillees-terug-online/homepagecg.png
[2025-12-07 08:22:38]   - content/blog/ai-workflow/2025-12-10-carottes-grillees-terug-online/index.md
[2025-12-07 08:22:38]   - content/blog/ai-workflow/2025-12-10-carottes-grillees-terug-online/lustforlifecg.png
[2025-12-07 08:22:38]   - content/blog/ai-workflow/2025-12-10-carottes-grillees-terug-online/objecttrouveescg.png
[2025-12-07 08:22:39]   - content/blog/ai-workflow/2025-12-10-carottes-grillees-terug-online/vallendemannen_navigatiecg.png
[2025-12-07 08:22:39]   - content/blog/ai-workflow/_index.md
[2025-12-07 08:22:39]   - content/blog/habittracker/_index.md
[2025-12-07 08:22:39] Hugo build starten...
Start building sites … 
hugo v0.152.2+extended+withdeploy darwin/amd64 BuildDate=2025-10-24T15:31:49Z VendorInfo=brew


                  │ EN  
──────────────────┼─────
 Pages            │ 170 
 Paginator pages  │   3 
 Non-page files   │   0 
 Static files     │  23 
 Processed images │   0 
 Aliases          │  68 
 Cleaned          │   0 

Total in 368 ms
[2025-12-07 08:22:39] Hugo build succesvol
[2025-12-07 08:22:39] Pushen naar GitHub...
To https://github.com/mdubbelm/devblog.git
 ! [rejected]        main -> main (non-fast-forward)
error: failed to push some refs to 'https://github.com/mdubbelm/devblog.git'
hint: Updates were rejected because the tip of your current branch is behind
hint: its remote counterpart. If you want to integrate the remote changes,
hint: use 'git pull' before pushing again.
hint: See the 'Note about fast-forwards' in 'git push --help' for details.
[2025-12-07 08:22:40] ERROR: Push gefaald!
[2025-12-07 10:55:00] === Auto-publish check gestart ===
[2025-12-07 10:55:10] === Auto-publish check gestart ===
[2025-12-07 10:55:10] Geen nieuwe lokale commits gevonden. Niks te doen.
[2025-12-07 11:06:17] === Auto-publish check gestart ===
[2025-12-07 11:06:18] Geen nieuwe lokale commits gevonden. Niks te doen.
[2025-12-08 08:01:51] === Random delay scheduler gestart ===
[2025-12-08 08:01:51] Wacht 0 uur en 25 minuten voor publicatie...
[2025-12-08 08:44:53] === Auto-publish check gestart ===
[2025-12-08 08:44:53] Scheduled post gevonden: content/blog/ai-workflow/2025-12-08-bugs-melden-vanaf-de-bank.md (datum: 2025-12-08)
[2025-12-08 08:44:53]   -> draft: false gezet, klaar voor publicatie
[2025-12-08 08:44:53]   -> _index.md geüpdatet met: Bugs melden vanaf de bank — een iOS Shortcut voor GitHub Issues
[main 05b5111] Auto-publish: scheduled posts voor 2025-12-08
 2 files changed, 2 insertions(+), 1 deletion(-)
[2025-12-08 08:44:53] Scheduled posts gecommit
[2025-12-08 08:44:53] Nieuwe/gewijzigde content gevonden, auto-commit...
[main 18ca799] Auto-publish: 2025-12-12-opnieuw-starten-als-parttime-ondernemer,2025-12-13-de-vrouwen-achter-mijn-ai-agents
 2 files changed, 133 insertions(+)
 create mode 100644 content/blog/2025-12-12-opnieuw-starten-als-parttime-ondernemer.md
 create mode 100644 content/blog/ai-workflow/2025-12-13-de-vrouwen-achter-mijn-ai-agents.md
[2025-12-08 08:44:54] Content gecommit: 2025-12-12-opnieuw-starten-als-parttime-ondernemer,2025-12-13-de-vrouwen-achter-mijn-ai-agents
[2025-12-08 08:44:54]   Skipping (draft): content/blog/2025-12-12-opnieuw-starten-als-parttime-ondernemer.md
[2025-12-08 08:44:54]   Ready to publish: content/blog/ai-workflow/2025-12-08-bugs-melden-vanaf-de-bank.md
[2025-12-08 08:44:54]   Skipping (draft): content/blog/ai-workflow/2025-12-13-de-vrouwen-achter-mijn-ai-agents.md
[2025-12-08 08:44:54]   Ready to publish: content/blog/ai-workflow/_index.md
[2025-12-08 08:44:54] Gevonden: 2 nieuwe commit(s) om te pushen
[2025-12-08 08:44:54] Gewijzigde content:
[2025-12-08 08:44:54]   - content/blog/2025-12-12-opnieuw-starten-als-parttime-ondernemer.md
[2025-12-08 08:44:54]   - content/blog/ai-workflow/2025-12-08-bugs-melden-vanaf-de-bank.md
[2025-12-08 08:44:54]   - content/blog/ai-workflow/2025-12-13-de-vrouwen-achter-mijn-ai-agents.md
[2025-12-08 08:44:54]   - content/blog/ai-workflow/_index.md
[2025-12-08 08:44:54] Hugo build starten...
Start building sites … 
hugo v0.152.2+extended+withdeploy darwin/amd64 BuildDate=2025-10-24T15:31:49Z VendorInfo=brew


                  │ EN  
──────────────────┼─────
 Pages            │ 170 
 Paginator pages  │   3 
 Non-page files   │   0 
 Static files     │  24 
 Processed images │   0 
 Aliases          │  68 
 Cleaned          │   0 

Total in 250 ms
[2025-12-08 08:44:54] Hugo build succesvol
[2025-12-08 08:44:54] Pushen naar GitHub...
To https://github.com/mdubbelm/devblog.git
   df99044..18ca799  main -> main
[2025-12-08 08:44:55] Push succesvol! GitHub Actions zal nu deployen naar GitHub Pages.
[2025-12-08 08:44:55] === Auto-publish voltooid ===
[2025-12-08 08:59:29] Delay voorbij, start auto-publish...
[2025-12-08 08:59:29] === Auto-publish check gestart ===
[2025-12-08 08:59:30] Geen nieuwe lokale commits gevonden. Niks te doen.
