[2025-12-07 07:00:00] === Random delay scheduler gestart ===
[2025-12-07 07:00:00] Wacht 1 uur en 22 minuten voor publicatie...
[2025-12-07 08:22:37] Delay voorbij, start auto-publish...
[2025-12-07 08:22:37] === Auto-publish check gestart ===
[2025-12-07 08:22:37] Nieuwe/gewijzigde content gevonden, auto-commit...
[2025-12-07 08:22:38] Content gecommit: index
[2025-12-07 08:22:38]   Ready to publish: content/blog/ai-workflow/2025-12-06-ik-kan-nu-alles-maken.md
[2025-12-07 08:22:38]   Skipping (future date 2025-12-08): content/blog/ai-workflow/2025-12-08-bugs-melden-vanaf-de-bank.md
[2025-12-07 08:22:38]   Skipping (future date 2025-12-10): content/blog/ai-workflow/2025-12-10-carottes-grillees-terug-online/index.md
[2025-12-07 08:22:38]   Ready to publish: content/blog/ai-workflow/_index.md
[2025-12-07 08:22:38]   Ready to publish: content/blog/habittracker/_index.md
[2025-12-07 08:22:38] Gevonden: 6 nieuwe commit(s) om te pushen
[2025-12-07 08:22:38] Gewijzigde content:
[2025-12-07 08:22:38]   - content/blog/ai-workflow/2025-12-06-ik-kan-nu-alles-maken.md
[2025-12-07 08:22:38]   - content/blog/ai-workflow/2025-12-08-bugs-melden-vanaf-de-bank.md
[2025-12-07 08:22:38]   - content/blog/ai-workflow/2025-12-10-carottes-grillees-terug-online/homepagecg.png
[2025-12-07 08:22:38]   - content/blog/ai-workflow/2025-12-10-carottes-grillees-terug-online/index.md
[2025-12-07 08:22:38]   - content/blog/ai-workflow/2025-12-10-carottes-grillees-terug-online/lustforlifecg.png
[2025-12-07 08:22:38]   - content/blog/ai-workflow/2025-12-10-carottes-grillees-terug-online/objecttrouveescg.png
[2025-12-07 08:22:39]   - content/blog/ai-workflow/2025-12-10-carottes-grillees-terug-online/vallendemannen_navigatiecg.png
[2025-12-07 08:22:39]   - content/blog/ai-workflow/_index.md
[2025-12-07 08:22:39]   - content/blog/habittracker/_index.md
[2025-12-07 08:22:39] Hugo build starten...
[2025-12-07 08:22:39] Hugo build succesvol
[2025-12-07 08:22:39] Pushen naar GitHub...
[2025-12-07 08:22:40] ERROR: Push gefaald!
[2025-12-08 08:01:51] === Random delay scheduler gestart ===
[2025-12-08 08:01:51] Wacht 0 uur en 25 minuten voor publicatie...
[2025-12-08 08:59:29] Delay voorbij, start auto-publish...
[2025-12-08 08:59:29] === Auto-publish check gestart ===
[2025-12-08 08:59:30] Geen nieuwe lokale commits gevonden. Niks te doen.
